<?xml version="1.0" encoding="UTF-8"?>
<testng-results total="3" passed="2" failed="1" skipped="0">
  <reporter-output>
  </reporter-output>
  <suite started-at="2022-10-19T04:43:37Z" name="Suite" finished-at="2022-10-19T04:43:52Z" duration-ms="15252">
    <groups>
      <group name="Regression">
        <method signature="MainTestCase.yourAccount(java.lang.String, java.lang.String)[pri:0, instance:TestCases.MainTestCase@225129c]" name="yourAccount" class="TestCases.MainTestCase"/>
        <method signature="MainTestCase.yourAccount(java.lang.String, java.lang.String)[pri:0, instance:TestCases.MainTestCase@1e44b638]" name="yourAccount" class="TestCases.MainTestCase"/>
      </group> <!-- Regression -->
      <group name="Smoke">
        <method signature="MainTestCase.dummy1()[pri:0, instance:TestCases.MainTestCase@4b213651]" name="dummy1" class="TestCases.MainTestCase"/>
      </group> <!-- Smoke -->
    </groups>
    <test started-at="2022-10-19T04:43:37Z" name="ChromeTest" finished-at="2022-10-19T04:43:43Z" duration-ms="5851">
      <class name="TestCases.MainTestCase">
        <test-method is-config="true" signature="readConfig()[pri:0, instance:TestCases.MainTestCase@4b213651]" started-at="2022-10-19T10:13:37Z" name="readConfig" finished-at="2022-10-19T10:13:37Z" duration-ms="166" status="PASS">
          <reporter-output>
          </reporter-output>
        </test-method> <!-- readConfig -->
        <test-method is-config="true" signature="driverSetUP(java.lang.String)[pri:0, instance:TestCases.MainTestCase@4b213651]" started-at="2022-10-19T10:13:37Z" name="driverSetUP" finished-at="2022-10-19T10:13:43Z" duration-ms="5623" status="PASS">
          <params>
            <param index="0">
              <value>
                <![CDATA[Chrome]]>
              </value>
            </param>
          </params>
          <reporter-output>
          </reporter-output>
        </test-method> <!-- driverSetUP -->
        <test-method signature="dummy1()[pri:0, instance:TestCases.MainTestCase@4b213651]" started-at="2022-10-19T10:13:43Z" name="dummy1" finished-at="2022-10-19T10:13:43Z" duration-ms="10" status="PASS">
          <reporter-output>
          </reporter-output>
        </test-method> <!-- dummy1 -->
        <test-method is-config="true" signature="driverQuit(org.testng.ITestResult)[pri:0, instance:TestCases.MainTestCase@4b213651]" started-at="2022-10-19T10:13:43Z" name="driverQuit" finished-at="2022-10-19T10:13:43Z" duration-ms="0" status="FAIL">
          <params>
            <param index="0">
              <value>
                <![CDATA[[TestResult name=dummy1 status=SUCCESS method=MainTestCase.dummy1()[pri:0, instance:TestCases.MainTestCase@4b213651] output={null}]]]>
              </value>
            </param>
          </params>
          <exception class="java.lang.NullPointerException">
            <message>
              <![CDATA[Cannot invoke "com.aventstack.extentreports.ExtentTest.pass(String)" because "this.log" is null]]>
            </message>
            <full-stacktrace>
              <![CDATA[java.lang.NullPointerException: Cannot invoke "com.aventstack.extentreports.ExtentTest.pass(String)" because "this.log" is null
	at Utilities.BaseClass.driverQuit(BaseClass.java:60)
	at java.base/jdk.internal.reflect.NativeMethodAccessorImpl.invoke0(Native Method)
	at java.base/jdk.internal.reflect.NativeMethodAccessorImpl.invoke(NativeMethodAccessorImpl.java:77)
	at java.base/jdk.internal.reflect.DelegatingMethodAccessorImpl.invoke(DelegatingMethodAccessorImpl.java:43)
	at java.base/java.lang.reflect.Method.invoke(Method.java:568)
	at org.testng.internal.MethodInvocationHelper.invokeMethod(MethodInvocationHelper.java:80)
	at org.testng.internal.Invoker.invokeConfigurationMethod(Invoker.java:564)
	at org.testng.internal.Invoker.invokeConfigurations(Invoker.java:213)
	at org.testng.internal.Invoker.invokeMethod(Invoker.java:786)
	at org.testng.internal.Invoker.invokeTestMethod(Invoker.java:901)
	at org.testng.internal.Invoker.invokeTestMethods(Invoker.java:1231)
	at org.testng.internal.TestMethodWorker.invokeTestMethods(TestMethodWorker.java:127)
	at org.testng.internal.TestMethodWorker.run(TestMethodWorker.java:111)
	at org.testng.TestRunner.privateRun(TestRunner.java:767)
	at org.testng.TestRunner.run(TestRunner.java:617)
	at org.testng.SuiteRunner.runTest(SuiteRunner.java:334)
	at org.testng.SuiteRunner.access$000(SuiteRunner.java:37)
	at org.testng.SuiteRunner$SuiteWorker.run(SuiteRunner.java:368)
	at org.testng.internal.thread.ThreadUtil$2.call(ThreadUtil.java:64)
	at java.base/java.util.concurrent.FutureTask.run(FutureTask.java:264)
	at java.base/java.util.concurrent.ThreadPoolExecutor.runWorker(ThreadPoolExecutor.java:1136)
	at java.base/java.util.concurrent.ThreadPoolExecutor$Worker.run(ThreadPoolExecutor.java:635)
	at java.base/java.lang.Thread.run(Thread.java:833)
]]>
            </full-stacktrace>
          </exception> <!-- java.lang.NullPointerException -->
          <reporter-output>
          </reporter-output>
        </test-method> <!-- driverQuit -->
      </class> <!-- TestCases.MainTestCase -->
    </test> <!-- ChromeTest -->
    <test started-at="2022-10-19T04:43:37Z" name="SafariTest" finished-at="2022-10-19T04:43:49Z" duration-ms="12238">
      <class name="TestCases.MainTestCase">
        <test-method is-config="true" signature="readConfig()[pri:0, instance:TestCases.MainTestCase@1e44b638]" started-at="2022-10-19T10:13:37Z" name="readConfig" finished-at="2022-10-19T10:13:37Z" duration-ms="165" status="PASS">
          <reporter-output>
          </reporter-output>
        </test-method> <!-- readConfig -->
        <test-method is-config="true" signature="driverSetUP(java.lang.String)[pri:0, instance:TestCases.MainTestCase@1e44b638]" started-at="2022-10-19T10:13:38Z" name="driverSetUP" finished-at="2022-10-19T10:13:45Z" duration-ms="7404" status="PASS">
          <params>
            <param index="0">
              <value>
                <![CDATA[Safari]]>
              </value>
            </param>
          </params>
          <reporter-output>
          </reporter-output>
        </test-method> <!-- driverSetUP -->
        <test-method signature="yourAccount(java.lang.String, java.lang.String)[pri:0, instance:TestCases.MainTestCase@1e44b638]" started-at="2022-10-19T10:13:45Z" name="yourAccount" data-provider="testData" finished-at="2022-10-19T10:13:48Z" duration-ms="3214" status="FAIL">
          <params>
            <param index="0">
              <value>
                <![CDATA[akjfak]]>
              </value>
            </param>
            <param index="1">
              <value>
                <![CDATA[kajsdfl]]>
              </value>
            </param>
          </params>
          <exception class="org.openqa.selenium.ElementNotInteractableException">
            <message>
              <![CDATA[
Build info: version: '3.8.1', revision: '6e95a6684b', time: '2017-12-01T18:33:54.468Z'
System info: host: 'Admins-MacBook-Pro.local', ip: '2401:4900:560f:280d:8523:a8c6:3233:82eb%en0', os.name: 'Mac OS X', os.arch: 'x86_64', os.version: '12.4', java.version: '17.0.2'
Driver info: org.openqa.selenium.safari.SafariDriver
Capabilities {acceptInsecureCerts: false, browserName: Safari, browserVersion: 15.5, javascriptEnabled: true, platform: MAC, platformName: MAC, safari:automaticInspection: false, safari:automaticProfiling: false, safari:diagnose: false, safari:platformBuildVersion: 21F79, safari:platformVersion: 12.4, safari:useSimulator: false, setWindowRect: true, strictFileInteractability: false, webkit:WebRTC: {DisableICECandidateFiltering: false, DisableInsecureMediaCapture: false}}
Session ID: 7BC102C9-F4B6-45D5-8255-7B5818AE74DB]]>
            </message>
            <full-stacktrace>
              <![CDATA[org.openqa.selenium.ElementNotInteractableException: 
Build info: version: '3.8.1', revision: '6e95a6684b', time: '2017-12-01T18:33:54.468Z'
System info: host: 'Admins-MacBook-Pro.local', ip: '2401:4900:560f:280d:8523:a8c6:3233:82eb%en0', os.name: 'Mac OS X', os.arch: 'x86_64', os.version: '12.4', java.version: '17.0.2'
Driver info: org.openqa.selenium.safari.SafariDriver
Capabilities {acceptInsecureCerts: false, browserName: Safari, browserVersion: 15.5, javascriptEnabled: true, platform: MAC, platformName: MAC, safari:automaticInspection: false, safari:automaticProfiling: false, safari:diagnose: false, safari:platformBuildVersion: 21F79, safari:platformVersion: 12.4, safari:useSimulator: false, setWindowRect: true, strictFileInteractability: false, webkit:WebRTC: {DisableICECandidateFiltering: false, DisableInsecureMediaCapture: false}}
Session ID: 7BC102C9-F4B6-45D5-8255-7B5818AE74DB
	at java.base/jdk.internal.reflect.NativeConstructorAccessorImpl.newInstance0(Native Method)
	at java.base/jdk.internal.reflect.NativeConstructorAccessorImpl.newInstance(NativeConstructorAccessorImpl.java:77)
	at java.base/jdk.internal.reflect.DelegatingConstructorAccessorImpl.newInstance(DelegatingConstructorAccessorImpl.java:45)
	at java.base/java.lang.reflect.Constructor.newInstanceWithCaller(Constructor.java:499)
	at java.base/java.lang.reflect.Constructor.newInstance(Constructor.java:480)
	at org.openqa.selenium.remote.http.W3CHttpResponseCodec.createException(W3CHttpResponseCodec.java:187)
	at org.openqa.selenium.remote.http.W3CHttpResponseCodec.decode(W3CHttpResponseCodec.java:122)
	at org.openqa.selenium.remote.http.W3CHttpResponseCodec.decode(W3CHttpResponseCodec.java:49)
	at org.openqa.selenium.remote.HttpCommandExecutor.execute(HttpCommandExecutor.java:164)
	at org.openqa.selenium.remote.service.DriverCommandExecutor.execute(DriverCommandExecutor.java:83)
	at org.openqa.selenium.remote.RemoteWebDriver.execute(RemoteWebDriver.java:601)
	at org.openqa.selenium.remote.RemoteWebElement.execute(RemoteWebElement.java:279)
	at org.openqa.selenium.remote.RemoteWebElement.click(RemoteWebElement.java:83)
	at java.base/jdk.internal.reflect.NativeMethodAccessorImpl.invoke0(Native Method)
	at java.base/jdk.internal.reflect.NativeMethodAccessorImpl.invoke(NativeMethodAccessorImpl.java:77)
	at java.base/jdk.internal.reflect.DelegatingMethodAccessorImpl.invoke(DelegatingMethodAccessorImpl.java:43)
	at java.base/java.lang.reflect.Method.invoke(Method.java:568)
	at org.openqa.selenium.support.pagefactory.internal.LocatingElementHandler.invoke(LocatingElementHandler.java:51)
	at jdk.proxy2/jdk.proxy2.$Proxy15.click(Unknown Source)
	at POM.AmazonHomePage.yourAccount(AmazonHomePage.java:31)
	at TestCases.MainTestCase.yourAccount(MainTestCase.java:42)
	at java.base/jdk.internal.reflect.NativeMethodAccessorImpl.invoke0(Native Method)
	at java.base/jdk.internal.reflect.NativeMethodAccessorImpl.invoke(NativeMethodAccessorImpl.java:77)
	at java.base/jdk.internal.reflect.DelegatingMethodAccessorImpl.invoke(DelegatingMethodAccessorImpl.java:43)
	at java.base/java.lang.reflect.Method.invoke(Method.java:568)
	at org.testng.internal.MethodInvocationHelper.invokeMethod(MethodInvocationHelper.java:80)
	at org.testng.internal.Invoker.invokeMethod(Invoker.java:714)
	at org.testng.internal.Invoker.invokeTestMethod(Invoker.java:901)
	at org.testng.internal.Invoker.invokeTestMethods(Invoker.java:1231)
	at org.testng.internal.TestMethodWorker.invokeTestMethods(TestMethodWorker.java:127)
	at org.testng.internal.TestMethodWorker.run(TestMethodWorker.java:111)
	at org.testng.TestRunner.privateRun(TestRunner.java:767)
	at org.testng.TestRunner.run(TestRunner.java:617)
	at org.testng.SuiteRunner.runTest(SuiteRunner.java:334)
	at org.testng.SuiteRunner.access$000(SuiteRunner.java:37)
	at org.testng.SuiteRunner$SuiteWorker.run(SuiteRunner.java:368)
	at org.testng.internal.thread.ThreadUtil$2.call(ThreadUtil.java:64)
	at java.base/java.util.concurrent.FutureTask.run(FutureTask.java:264)
	at java.base/java.util.concurrent.ThreadPoolExecutor.runWorker(ThreadPoolExecutor.java:1136)
	at java.base/java.util.concurrent.ThreadPoolExecutor$Worker.run(ThreadPoolExecutor.java:635)
	at java.base/java.lang.Thread.run(Thread.java:833)
]]>
            </full-stacktrace>
          </exception> <!-- org.openqa.selenium.ElementNotInteractableException -->
          <reporter-output>
          </reporter-output>
        </test-method> <!-- yourAccount -->
        <test-method is-config="true" signature="driverQuit(org.testng.ITestResult)[pri:0, instance:TestCases.MainTestCase@1e44b638]" started-at="2022-10-19T10:13:48Z" name="driverQuit" finished-at="2022-10-19T10:13:49Z" duration-ms="989" status="PASS">
          <params>
            <param index="0">
              <value>
                <![CDATA[[TestResult name=yourAccount status=FAILURE method=MainTestCase.yourAccount(java.lang.String, java.lang.String)[pri:0, instance:TestCases.MainTestCase@1e44b638] output={null}]]]>
              </value>
            </param>
          </params>
          <reporter-output>
          </reporter-output>
        </test-method> <!-- driverQuit -->
      </class> <!-- TestCases.MainTestCase -->
    </test> <!-- SafariTest -->
    <test started-at="2022-10-19T04:43:37Z" name="FirefoxTest" finished-at="2022-10-19T04:43:52Z" duration-ms="15252">
      <class name="TestCases.MainTestCase">
        <test-method is-config="true" signature="readConfig()[pri:0, instance:TestCases.MainTestCase@225129c]" started-at="2022-10-19T10:13:37Z" name="readConfig" finished-at="2022-10-19T10:13:37Z" duration-ms="166" status="PASS">
          <reporter-output>
          </reporter-output>
        </test-method> <!-- readConfig -->
        <test-method is-config="true" signature="driverSetUP(java.lang.String)[pri:0, instance:TestCases.MainTestCase@225129c]" started-at="2022-10-19T10:13:38Z" name="driverSetUP" finished-at="2022-10-19T10:13:47Z" duration-ms="9787" status="PASS">
          <params>
            <param index="0">
              <value>
                <![CDATA[Firefox]]>
              </value>
            </param>
          </params>
          <reporter-output>
          </reporter-output>
        </test-method> <!-- driverSetUP -->
        <test-method signature="yourAccount(java.lang.String, java.lang.String)[pri:0, instance:TestCases.MainTestCase@225129c]" started-at="2022-10-19T10:13:47Z" name="yourAccount" data-provider="testData" finished-at="2022-10-19T10:13:52Z" duration-ms="4085" status="PASS">
          <params>
            <param index="0">
              <value>
                <![CDATA[akjfak]]>
              </value>
            </param>
            <param index="1">
              <value>
                <![CDATA[kajsdfl]]>
              </value>
            </param>
          </params>
          <reporter-output>
          </reporter-output>
        </test-method> <!-- yourAccount -->
        <test-method is-config="true" signature="driverQuit(org.testng.ITestResult)[pri:0, instance:TestCases.MainTestCase@225129c]" started-at="2022-10-19T10:13:52Z" name="driverQuit" finished-at="2022-10-19T10:13:52Z" duration-ms="750" status="PASS">
          <params>
            <param index="0">
              <value>
                <![CDATA[[TestResult name=yourAccount status=SUCCESS method=MainTestCase.yourAccount(java.lang.String, java.lang.String)[pri:0, instance:TestCases.MainTestCase@225129c] output={null}]]]>
              </value>
            </param>
          </params>
          <reporter-output>
          </reporter-output>
        </test-method> <!-- driverQuit -->
      </class> <!-- TestCases.MainTestCase -->
    </test> <!-- FirefoxTest -->
  </suite> <!-- Suite -->
</testng-results>
